<?xml version="1.0" encoding="UTF-8"?>
<!-- Generated by org.testng.reporters.JUnitXMLReporter -->
<testsuite ignored="0" hostname="DESKTOP-ICLD36V" failures="0" tests="2" name="Surefire test" time="36.427" errors="0" timestamp="2024-07-03T13:44:05 IST">
  <testcase classname="io.cucumber.testng.AbstractTestNGCucumberTests" name="runScenario" time="21.333"/>
  <testcase classname="io.cucumber.testng.AbstractTestNGCucumberTests" name="runScenario" time="13.691"/>
</testsuite> <!-- Surefire test -->
