<?xml version="1.0" encoding="UTF-8"?>
<testsuite xmlns:xsi="http://www.w3.org/2001/XMLSchema-instance" xsi:noNamespaceSchemaLocation="https://maven.apache.org/surefire/maven-surefire-plugin/xsd/surefire-test-report-3.0.xsd" version="3.0" name="runner.sparshTestng" time="37.27" tests="2" errors="0" skipped="0" failures="0">
  <properties>
[...]
</properties>
  <testcase name="runScenario[&quot;Connect with Sparsh Hospital&quot;, &quot;Automation Contact Us&quot;](1)" classname="runner.sparshTestng" time="21.341">
    <system-out><![CDATA[
@tag @tag2
Scenario Outline: Connect with Sparsh Hospital                                                              &amp#27;[90m# src/test/resources/sparch/contact.feature:24&amp#27;[0m
  &amp#27;[32mGiven &amp#27;[0m&amp#27;[32mUser is vist Sparsh Hospital&amp#27;[0m                                                                        &amp#27;[90m# steps.contact_steps.user_is_vist_sparsh_hospital()&amp#27;[0m
  &amp#27;[32mWhen &amp#27;[0m&amp#27;[32mUser Navigate to Contact Us Page&amp#27;[0m                                                                     &amp#27;[90m# steps.contact_steps.user_navigate_to_contact_us_page()&amp#27;[0m
  &amp#27;[32mAnd &amp#27;[0m&amp#27;[32mUser enters &amp#27;[0m&amp#27;[32m&amp#27;[1m"Sagar"&amp#27;[0m&amp#27;[32m, &amp#27;[0m&amp#27;[32m&amp#27;[1m"Jana"&amp#27;[0m&amp#27;[32m, &amp#27;[0m&amp#27;[32m&amp#27;[1m"7098510151"&amp#27;[0m&amp#27;[32m, &amp#27;[0m&amp#27;[32m&amp#27;[1m"Jana@gmail.com"&amp#27;[0m&amp#27;[32m, &amp#27;[0m&amp#27;[32m&amp#27;[1m"Hello World!"&amp#27;[0m                           &amp#27;[90m# steps.contact_steps.user_enters(java.lang.String,java.lang.String,java.lang.String,java.lang.String,java.lang.String)&amp#27;[0m
  &amp#27;[32mAnd &amp#27;[0m&amp#27;[32mUser Select Enquiry, Select Hospital&amp#27;[0m                                                                  &amp#27;[90m# steps.contact_steps.user_select_enquiry_select_hospital()&amp#27;[0m
  &amp#27;[32mAnd &amp#27;[0m&amp#27;[32mUser Click send button&amp#27;[0m                                                                                &amp#27;[90m# steps.contact_steps.User_Click_send_button()&amp#27;[0m
  &amp#27;[32mThen &amp#27;[0m&amp#27;[32mMessage displayed Thank You Our support representative will be in touch with you as soon as possible&amp#27;[0m &amp#27;[90m# steps.contact_steps.message_displayed_thank_you_our_support_representative_will_be_in_touch_with_you_as_soon_as_possible()&amp#27;[0m
]]></system-out>
  </testcase>
  <testcase name="runScenario[&quot;Connect with Sparsh Hospital&quot;, &quot;Automation Contact Us&quot;](2)" classname="runner.sparshTestng" time="13.689">
    <system-out><![CDATA[
@tag @tag2
Scenario Outline: Connect with Sparsh Hospital                                                              &amp#27;[90m# src/test/resources/sparch/contact.feature:25&amp#27;[0m
  &amp#27;[32mGiven &amp#27;[0m&amp#27;[32mUser is vist Sparsh Hospital&amp#27;[0m                                                                        &amp#27;[90m# steps.contact_steps.user_is_vist_sparsh_hospital()&amp#27;[0m
  &amp#27;[32mWhen &amp#27;[0m&amp#27;[32mUser Navigate to Contact Us Page&amp#27;[0m                                                                     &amp#27;[90m# steps.contact_steps.user_navigate_to_contact_us_page()&amp#27;[0m
  &amp#27;[32mAnd &amp#27;[0m&amp#27;[32mUser enters &amp#27;[0m&amp#27;[32m&amp#27;[1m"Raju"&amp#27;[0m&amp#27;[32m, &amp#27;[0m&amp#27;[32m&amp#27;[1m"Koley"&amp#27;[0m&amp#27;[32m, &amp#27;[0m&amp#27;[32m&amp#27;[1m"7098510153"&amp#27;[0m&amp#27;[32m, &amp#27;[0m&amp#27;[32m&amp#27;[1m"koley@gmail.com"&amp#27;[0m&amp#27;[32m, &amp#27;[0m&amp#27;[32m&amp#27;[1m"Hack The Planet"&amp#27;[0m                       &amp#27;[90m# steps.contact_steps.user_enters(java.lang.String,java.lang.String,java.lang.String,java.lang.String,java.lang.String)&amp#27;[0m
  &amp#27;[32mAnd &amp#27;[0m&amp#27;[32mUser Select Enquiry, Select Hospital&amp#27;[0m                                                                  &amp#27;[90m# steps.contact_steps.user_select_enquiry_select_hospital()&amp#27;[0m
  &amp#27;[32mAnd &amp#27;[0m&amp#27;[32mUser Click send button&amp#27;[0m                                                                                &amp#27;[90m# steps.contact_steps.User_Click_send_button()&amp#27;[0m
  &amp#27;[32mThen &amp#27;[0m&amp#27;[32mMessage displayed Thank You Our support representative will be in touch with you as soon as possible&amp#27;[0m &amp#27;[90m# steps.contact_steps.message_displayed_thank_you_our_support_representative_will_be_in_touch_with_you_as_soon_as_possible()&amp#27;[0m
]]></system-out>
  </testcase>
</testsuite>