<?xml version="1.0" encoding="UTF-8"?>
<testng-results ignored="0" total="2" passed="2" failed="0" skipped="0">
  <reporter-output>
  </reporter-output>
  <suite started-at="2024-07-01T18:15:54 IST" name="Default suite" finished-at="2024-07-01T18:16:30 IST" duration-ms="35966">
    <groups>
      <group name="cucumber">
        <method signature="AbstractTestNGCucumberTests.runScenario(io.cucumber.testng.PickleWrapper,io.cucumber.testng.FeatureWrapper)[pri:0, instance:runner.sparshTestng@183ec003]" name="runScenario" class="io.cucumber.testng.AbstractTestNGCucumberTests"/>
      </group> <!-- cucumber -->
    </groups>
    <test started-at="2024-07-01T18:15:54 IST" name="Default test" finished-at="2024-07-01T18:16:30 IST" duration-ms="35966">
      <class name="runner.sparshTestng">
        <test-method is-config="true" signature="setUpClass(org.testng.ITestContext)[pri:0, instance:runner.sparshTestng@183ec003]" started-at="2024-07-01T18:15:54 IST" name="setUpClass" finished-at="2024-07-01T18:15:55 IST" duration-ms="933" status="PASS">
          <params>
            <param index="0">
              <value>
                <![CDATA[org.testng.TestRunner@4745e9c]]>
              </value>
            </param>
          </params>
          <reporter-output>
          </reporter-output>
        </test-method> <!-- setUpClass -->
        <test-method signature="runScenario(io.cucumber.testng.PickleWrapper,io.cucumber.testng.FeatureWrapper)[pri:0, instance:runner.sparshTestng@183ec003]" started-at="2024-07-01T18:15:55 IST" name="runScenario" description="Runs Cucumber Scenarios" data-provider="scenarios" finished-at="2024-07-01T18:16:16 IST" duration-ms="21108" status="PASS">
          <params>
            <param index="0">
              <value>
                <![CDATA["Connect with Sparsh Hospital"]]>
              </value>
            </param>
            <param index="1">
              <value>
                <![CDATA["Automation Contact Us"]]>
              </value>
            </param>
          </params>
          <reporter-output>
          </reporter-output>
        </test-method> <!-- runScenario -->
        <test-method signature="runScenario(io.cucumber.testng.PickleWrapper,io.cucumber.testng.FeatureWrapper)[pri:0, instance:runner.sparshTestng@183ec003]" started-at="2024-07-01T18:16:16 IST" name="runScenario" description="Runs Cucumber Scenarios" data-provider="scenarios" finished-at="2024-07-01T18:16:30 IST" duration-ms="13813" status="PASS">
          <params>
            <param index="0">
              <value>
                <![CDATA["Connect with Sparsh Hospital"]]>
              </value>
            </param>
            <param index="1">
              <value>
                <![CDATA["Automation Contact Us"]]>
              </value>
            </param>
          </params>
          <reporter-output>
          </reporter-output>
        </test-method> <!-- runScenario -->
        <test-method is-config="true" signature="tearDownClass()[pri:0, instance:runner.sparshTestng@183ec003]" started-at="2024-07-01T18:16:30 IST" name="tearDownClass" finished-at="2024-07-01T18:16:30 IST" duration-ms="28" status="PASS">
          <reporter-output>
          </reporter-output>
        </test-method> <!-- tearDownClass -->
      </class> <!-- runner.sparshTestng -->
    </test> <!-- Default test -->
  </suite> <!-- Default suite -->
</testng-results>
